Numbers: 99999 Lists: 1 Cores: 1
Generating expected results... 
Generate time: 2.04612 seconds
Creating RadixSort with 1 cores
Running RadixSort.msd()... 
Elapsed time: 0.000000 seconds
Comparing results... 
List 0 FAIL
Numbers: 99999 Lists: 2 Cores: 1
Generating expected results... 
Generate time: 2.02418 seconds
Creating RadixSort with 1 cores
Running RadixSort.msd()... 
Elapsed time: 0.000000 seconds
Comparing results... 
List 0 FAIL
List 1 FAIL
Numbers: 99999 Lists: 2 Cores: 2
Generating expected results... 
Generate time: 2.07085 seconds
Creating RadixSort with 2 cores
Running RadixSort.msd()... 
Elapsed time: 0.000000 seconds
Comparing results... 
List 0 FAIL
List 1 FAIL
Numbers: 99999 Lists: 3 Cores: 1
Generating expected results... 
Generate time: 2.05492 seconds
Creating RadixSort with 1 cores
Running RadixSort.msd()... 
Elapsed time: 0.000000 seconds
Comparing results... 
List 0 FAIL
List 1 FAIL
List 2 FAIL
Numbers: 99999 Lists: 3 Cores: 2
Generating expected results... 
Generate time: 2.04554 seconds
Creating RadixSort with 2 cores
Running RadixSort.msd()... 
Elapsed time: 0.000000 seconds
Comparing results... 
List 0 FAIL
List 1 FAIL
List 2 FAIL
Numbers: 99999 Lists: 3 Cores: 3
Generating expected results... 
Generate time: 2.03566 seconds
Creating RadixSort with 3 cores
Running RadixSort.msd()... 
Elapsed time: 0.000000 seconds
Comparing results... 
List 0 FAIL
List 1 FAIL
List 2 FAIL
Numbers: 99999 Lists: 4 Cores: 1
Generating expected results... 
Generate time: 2.04075 seconds
Creating RadixSort with 1 cores
Running RadixSort.msd()... 
Elapsed time: 0.000000 seconds
Comparing results... 
List 0 FAIL
List 1 FAIL
List 2 FAIL
List 3 FAIL
Numbers: 99999 Lists: 4 Cores: 2
Generating expected results... 
Generate time: 2.03771 seconds
Creating RadixSort with 2 cores
Running RadixSort.msd()... 
Elapsed time: 0.000000 seconds
Comparing results... 
List 0 FAIL
List 1 FAIL
List 2 FAIL
List 3 FAIL
Numbers: 99999 Lists: 4 Cores: 3
Generating expected results... 
Generate time: 2.03929 seconds
Creating RadixSort with 3 cores
Running RadixSort.msd()... 
Elapsed time: 0.000000 seconds
Comparing results... 
List 0 FAIL
List 1 FAIL
List 2 FAIL
List 3 FAIL
