Numbers: 500,000 Lists: 1 Cores: 12
Generating 500,000 random numbers... 
Generating expected results... 
Generate time: 2.04943 seconds
Creating RadixSort with 12 cores
Running RadixSort.msd()... 
Elapsed time: 0.000000 seconds
Comparing results... 
List 0 FAIL
Numbers: 500,000 Lists: 2 Cores: 12
Generating 1,000,000 random numbers... 
Generating expected results... 
Generate time: 1.81605 seconds
Creating RadixSort with 12 cores
Running RadixSort.msd()... 
Elapsed time: 0.000000 seconds
Comparing results... 
List 0 FAIL
List 1 FAIL
Numbers: 500,000 Lists: 3 Cores: 12
Generating 1,500,000 random numbers... 
Generating expected results... 
Generate time: 1.86046 seconds
Creating RadixSort with 12 cores
Running RadixSort.msd()... 
Elapsed time: 0.000000 seconds
Comparing results... 
List 0 FAIL
List 1 FAIL
List 2 FAIL
